[0.062s] Invoking command in '/impacs/kmf3/ros2_ws/src/kmf3_ros360_cpp/build/kmf3_ros360_cpp': CMAKE_PREFIX_PATH=${CMAKE_PREFIX_PATH}:/opt/ros/humble /usr/bin/cmake --build /impacs/kmf3/ros2_ws/src/kmf3_ros360_cpp/build/kmf3_ros360_cpp -- -j4 -l4
[0.196s] [ 14%] Built target helloworld
[0.269s] [ 28%] Built target lidarSub
[0.355s] [ 42%] Built target randomRobot
[0.391s] [35m[1mConsolidate compiler generated dependencies of target templatePubSub[0m
[0.446s] [ 50%] [32mBuilding CXX object CMakeFiles/templatePubSub.dir/src/templatePubSub.cpp.o[0m
[4.018s] [01m[K/impacs/kmf3/ros2_ws/src/kmf3_ros360_cpp/src/templatePubSub.cpp:112:10:[m[K [01;31m[Kerror: [m[Kâ€˜[01m[Kdefault_random_engine[m[Kâ€™ in namespace â€˜[01m[Kstd[m[Kâ€™ does not name a type
[4.020s]   112 |     std::[01;31m[Kdefault_random_engine[m[K generator;
[4.020s]       |          [01;31m[K^~~~~~~~~~~~~~~~~~~~~[m[K
[4.123s] [01m[K/impacs/kmf3/ros2_ws/src/kmf3_ros360_cpp/src/templatePubSub.cpp:[m[K In member function â€˜[01m[Kvoid PubSubTemplate::timer_callback()[m[Kâ€™:
[4.123s] [01m[K/impacs/kmf3/ros2_ws/src/kmf3_ros360_cpp/src/templatePubSub.cpp:60:15:[m[K [01;31m[Kerror: [m[Kâ€˜[01m[Kuniform_real_distribution[m[Kâ€™ is not a member of â€˜[01m[Kstd[m[Kâ€™; did you mean â€˜[01m[Kuniform_int_distribution[m[Kâ€™?
[4.124s]    60 |          std::[01;31m[Kuniform_real_distribution[m[K<double> distribution(0.0, 1.0);
[4.124s]       |               [01;31m[K^~~~~~~~~~~~~~~~~~~~~~~~~[m[K
[4.124s]       |               [32m[Kuniform_int_distribution[m[K
[4.125s] [01m[K/impacs/kmf3/ros2_ws/src/kmf3_ros360_cpp/src/templatePubSub.cpp:60:41:[m[K [01;31m[Kerror: [m[Kexpected primary-expression before â€˜[01m[Kdouble[m[Kâ€™
[4.125s]    60 |          std::uniform_real_distribution<[01;31m[Kdouble[m[K> distribution(0.0, 1.0);
[4.125s]       |                                         [01;31m[K^~~~~~[m[K
[4.132s] [01m[K/impacs/kmf3/ros2_ws/src/kmf3_ros360_cpp/src/templatePubSub.cpp:61:28:[m[K [01;31m[Kerror: [m[Kâ€˜[01m[Kgenerator[m[Kâ€™ was not declared in this scope
[4.132s]    61 |     float x = distribution([01;31m[Kgenerator[m[K);
[4.132s]       |                            [01;31m[K^~~~~~~~~[m[K
[4.143s] [01m[K/impacs/kmf3/ros2_ws/src/kmf3_ros360_cpp/src/templatePubSub.cpp:61:15:[m[K [01;31m[Kerror: [m[Kâ€˜[01m[Kdistribution[m[Kâ€™ was not declared in this scope
[4.143s]    61 |     float x = [01;31m[Kdistribution[m[K(generator);
[4.144s]       |               [01;31m[K^~~~~~~~~~~~[m[K
[4.144s] [01m[K/impacs/kmf3/ros2_ws/src/kmf3_ros360_cpp/src/templatePubSub.cpp:61:11:[m[K [01;35m[Kwarning: [m[Kunused variable â€˜[01m[Kx[m[Kâ€™ [[01;35m[K]8;;https://gcc.gnu.org/onlinedocs/gcc/Warning-Options.html#index-Wunused-variable-Wunused-variable]8;;[m[K]
[4.144s]    61 |     float [01;35m[Kx[m[K = distribution(generator);
[4.144s]       |           [01;35m[K^[m[K
[4.144s] [01m[K/impacs/kmf3/ros2_ws/src/kmf3_ros360_cpp/src/templatePubSub.cpp:62:11:[m[K [01;35m[Kwarning: [m[Kunused variable â€˜[01m[Kz[m[Kâ€™ [[01;35m[K]8;;https://gcc.gnu.org/onlinedocs/gcc/Warning-Options.html#index-Wunused-variable-Wunused-variable]8;;[m[K]
[4.144s]    62 |     float [01;35m[Kz[m[K = distribution(generator) - 0.5;
[4.145s]       |           [01;35m[K^[m[K
[8.045s] gmake[2]: *** [CMakeFiles/templatePubSub.dir/build.make:76: CMakeFiles/templatePubSub.dir/src/templatePubSub.cpp.o] Error 1
[8.046s] gmake[1]: *** [CMakeFiles/Makefile2:279: CMakeFiles/templatePubSub.dir/all] Error 2
[8.047s] gmake: *** [Makefile:146: all] Error 2
[8.049s] Invoked command in '/impacs/kmf3/ros2_ws/src/kmf3_ros360_cpp/build/kmf3_ros360_cpp' returned '2': CMAKE_PREFIX_PATH=${CMAKE_PREFIX_PATH}:/opt/ros/humble /usr/bin/cmake --build /impacs/kmf3/ros2_ws/src/kmf3_ros360_cpp/build/kmf3_ros360_cpp -- -j4 -l4
